C:\USERS\JINXP\DOCUMENTS\VISUAL STUDIO 2012\PROJECTS\KTH-ORDER\KTH-ORDER\DEBUG\KTH-ORDER.PCH
C:\USERS\JINXP\DOCUMENTS\VISUAL STUDIO 2012\PROJECTS\KTH-ORDER\KTH-ORDER\DEBUG\STDAFX.OBJ
C:\USERS\JINXP\DOCUMENTS\VISUAL STUDIO 2012\PROJECTS\KTH-ORDER\KTH-ORDER\DEBUG\VC110.PDB
C:\USERS\JINXP\DOCUMENTS\VISUAL STUDIO 2012\PROJECTS\KTH-ORDER\KTH-ORDER\DEBUG\KTH-ORDER.OBJ
C:\USERS\JINXP\DOCUMENTS\VISUAL STUDIO 2012\PROJECTS\KTH-ORDER\DEBUG\KTH-ORDER.ILK
C:\USERS\JINXP\DOCUMENTS\VISUAL STUDIO 2012\PROJECTS\KTH-ORDER\DEBUG\KTH-ORDER.EXE
C:\USERS\JINXP\DOCUMENTS\VISUAL STUDIO 2012\PROJECTS\KTH-ORDER\DEBUG\KTH-ORDER.PDB
c:\Users\jinxp\documents\visual studio 2012\Projects\kth-order\kth-order\Debug\kth-order.obj
c:\Users\jinxp\documents\visual studio 2012\Projects\kth-order\kth-order\Debug\stdafx.obj
c:\Users\jinxp\documents\visual studio 2012\Projects\kth-order\kth-order\Debug\cl.command.1.tlog
c:\Users\jinxp\documents\visual studio 2012\Projects\kth-order\kth-order\Debug\CL.read.1.tlog
c:\Users\jinxp\documents\visual studio 2012\Projects\kth-order\kth-order\Debug\CL.write.1.tlog
c:\Users\jinxp\documents\visual studio 2012\Projects\kth-order\kth-order\Debug\link-cvtres.read.1.tlog
c:\Users\jinxp\documents\visual studio 2012\Projects\kth-order\kth-order\Debug\link-cvtres.write.1.tlog
c:\Users\jinxp\documents\visual studio 2012\Projects\kth-order\kth-order\Debug\link-rc.read.1.tlog
c:\Users\jinxp\documents\visual studio 2012\Projects\kth-order\kth-order\Debug\link-rc.write.1.tlog
c:\Users\jinxp\documents\visual studio 2012\Projects\kth-order\kth-order\Debug\link.command.1.tlog
c:\Users\jinxp\documents\visual studio 2012\Projects\kth-order\kth-order\Debug\link.read.1.tlog
c:\Users\jinxp\documents\visual studio 2012\Projects\kth-order\kth-order\Debug\link.write.1.tlog
c:\Users\jinxp\documents\visual studio 2012\Projects\kth-order\kth-order\Debug\kth-order.pch
c:\Users\jinxp\documents\visual studio 2012\Projects\kth-order\kth-order\Debug\vc110.idb
c:\Users\jinxp\documents\visual studio 2012\Projects\kth-order\kth-order\Debug\vc110.pdb
c:\users\jinxp\documents\visual studio 2012\Projects\kth-order\Debug\kth-order.pdb
c:\users\jinxp\documents\visual studio 2012\Projects\kth-order\Debug\kth-order.exe
c:\users\jinxp\documents\visual studio 2012\Projects\kth-order\Debug\kth-order.ilk
